[ 2016-07-06T09:28:59+08:00 ] 127.0.0.1 /th3-2/
INFO: [ app_init ] --START--
INFO: Run Behavior\BuildLiteBehavior [ RunTime:0.000018s ]
INFO: [ app_init ] --END-- [ RunTime:0.000091s ]
INFO: [ app_begin ] --START--
INFO: Run Behavior\ReadHtmlCacheBehavior [ RunTime:0.005748s ]
INFO: [ app_begin ] --END-- [ RunTime:0.005812s ]
NOTIC: [2] session_start(): open(\xampp\tmp\sess_bn4l2qn007rjfvnhvvdbek5er6, O_RDWR) failed: No such file or directory (2) D:\pw\th3-2\ThinkPHP\Common\functions.php 第 1190 行.
INFO: [ view_parse ] --START--
INFO: [ template_filter ] --START--
INFO: Run Behavior\ContentReplaceBehavior [ RunTime:0.000038s ]
INFO: [ template_filter ] --END-- [ RunTime:0.000109s ]
INFO: Run Behavior\ParseTemplateBehavior [ RunTime:0.027287s ]
INFO: [ view_parse ] --END-- [ RunTime:0.027357s ]
INFO: [ view_filter ] --START--
INFO: Run Behavior\WriteHtmlCacheBehavior [ RunTime:0.005251s ]
INFO: [ view_filter ] --END-- [ RunTime:0.005302s ]
INFO: [ app_end ] --START--
INFO: Run Behavior\ShowPageTraceBehavior [ RunTime:0.006085s ]
INFO: [ app_end ] --END-- [ RunTime:0.006143s ]

[ 2016-07-06T10:24:48+08:00 ] 127.0.0.1 /th3-2/index.php/User/index.html
ERR: 无法加载控制器:User

[ 2016-07-06T12:20:49+08:00 ] 127.0.0.1 /th3-2/index.php/User/index.html
ERR: 模板不存在:./App/Home/View/User/index.html

