[ 2016-07-05T09:38:21+08:00 ] 127.0.0.1 /th3-1/
INFO: [ app_init ] --START--
INFO: Run Behavior\BuildLiteBehavior [ RunTime:0.000020s ]
INFO: [ app_init ] --END-- [ RunTime:0.022101s ]
INFO: [ app_begin ] --START--
INFO: Run Behavior\ReadHtmlCacheBehavior [ RunTime:0.002686s ]
INFO: [ app_begin ] --END-- [ RunTime:0.002789s ]
NOTIC: [2] session_start(): open(\xampp\tmp\sess_8i1eq0jc0tihfg2oip5pqd2nc1, O_RDWR) failed: No such file or directory (2) D:\pw\th3-1\ThinkPHP\Common\functions.php 第 1190 行.
INFO: [ view_parse ] --START--
INFO: [ template_filter ] --START--
INFO: Run Behavior\ContentReplaceBehavior [ RunTime:0.000044s ]
INFO: [ template_filter ] --END-- [ RunTime:0.000130s ]
INFO: Run Behavior\ParseTemplateBehavior [ RunTime:0.029533s ]
INFO: [ view_parse ] --END-- [ RunTime:0.029633s ]
INFO: [ view_filter ] --START--
INFO: Run Behavior\WriteHtmlCacheBehavior [ RunTime:0.001236s ]
INFO: [ view_filter ] --END-- [ RunTime:0.001311s ]
INFO: [ app_end ] --START--
INFO: Run Behavior\ShowPageTraceBehavior [ RunTime:0.001810s ]
INFO: [ app_end ] --END-- [ RunTime:0.001889s ]

[ 2016-07-05T10:11:13+08:00 ] 127.0.0.1 /th3-1/
INFO: [ app_init ] --START--
INFO: Run Behavior\BuildLiteBehavior [ RunTime:0.000018s ]
INFO: [ app_init ] --END-- [ RunTime:0.004773s ]
INFO: [ app_begin ] --START--
INFO: Run Behavior\ReadHtmlCacheBehavior [ RunTime:0.002211s ]
INFO: [ app_begin ] --END-- [ RunTime:0.002271s ]
NOTIC: [2] session_start(): open(\xampp\tmp\sess_8i1eq0jc0tihfg2oip5pqd2nc1, O_RDWR) failed: No such file or directory (2) D:\pw\th3-1\ThinkPHP\Common\functions.php 第 1190 行.
INFO: [ app_end ] --START--
INFO: Run Behavior\ShowPageTraceBehavior [ RunTime:0.019296s ]
INFO: [ app_end ] --END-- [ RunTime:0.019391s ]

[ 2016-07-05T10:11:47+08:00 ] 127.0.0.1 /th3-1/index.php/Home/User/demo.html
INFO: [ app_init ] --START--
INFO: Run Behavior\BuildLiteBehavior [ RunTime:0.000017s ]
INFO: [ app_init ] --END-- [ RunTime:0.000387s ]
INFO: [ app_begin ] --START--
INFO: Run Behavior\ReadHtmlCacheBehavior [ RunTime:0.000678s ]
INFO: [ app_begin ] --END-- [ RunTime:0.000735s ]
NOTIC: [2] session_start(): open(\xampp\tmp\sess_8i1eq0jc0tihfg2oip5pqd2nc1, O_RDWR) failed: No such file or directory (2) D:\pw\th3-1\ThinkPHP\Common\functions.php 第 1190 行.
SQL: SHOW COLUMNS FROM `user` [ RunTime:0.002131s ]
SQL: SELECT * FROM `user`  [ RunTime:0.000278s ]
INFO: [ app_end ] --START--
INFO: Run Behavior\ShowPageTraceBehavior [ RunTime:0.000801s ]
INFO: [ app_end ] --END-- [ RunTime:0.000893s ]

[ 2016-07-05T10:18:40+08:00 ] 127.0.0.1 /th3-1/
INFO: [ app_init ] --START--
INFO: Run Behavior\BuildLiteBehavior [ RunTime:0.000018s ]
INFO: [ app_init ] --END-- [ RunTime:0.004874s ]
INFO: [ app_begin ] --START--
INFO: Run Behavior\ReadHtmlCacheBehavior [ RunTime:0.002318s ]
INFO: [ app_begin ] --END-- [ RunTime:0.002377s ]
NOTIC: [2] session_start(): open(\xampp\tmp\sess_8i1eq0jc0tihfg2oip5pqd2nc1, O_RDWR) failed: No such file or directory (2) D:\pw\th3-1\ThinkPHP\Common\functions.php 第 1190 行.
INFO: [ app_end ] --START--
INFO: Run Behavior\ShowPageTraceBehavior [ RunTime:0.010395s ]
INFO: [ app_end ] --END-- [ RunTime:0.010462s ]

[ 2016-07-05T10:18:42+08:00 ] 127.0.0.1 /th3-1/
INFO: [ app_init ] --START--
INFO: Run Behavior\BuildLiteBehavior [ RunTime:0.000016s ]
INFO: [ app_init ] --END-- [ RunTime:0.000370s ]
INFO: [ app_begin ] --START--
INFO: Run Behavior\ReadHtmlCacheBehavior [ RunTime:0.000646s ]
INFO: [ app_begin ] --END-- [ RunTime:0.000700s ]
NOTIC: [2] session_start(): open(\xampp\tmp\sess_8i1eq0jc0tihfg2oip5pqd2nc1, O_RDWR) failed: No such file or directory (2) D:\pw\th3-1\ThinkPHP\Common\functions.php 第 1190 行.
INFO: [ app_end ] --START--
INFO: Run Behavior\ShowPageTraceBehavior [ RunTime:0.000695s ]
INFO: [ app_end ] --END-- [ RunTime:0.000750s ]

[ 2016-07-05T10:18:43+08:00 ] 127.0.0.1 /th3-1/
INFO: [ app_init ] --START--
INFO: Run Behavior\BuildLiteBehavior [ RunTime:0.000015s ]
INFO: [ app_init ] --END-- [ RunTime:0.000365s ]
INFO: [ app_begin ] --START--
INFO: Run Behavior\ReadHtmlCacheBehavior [ RunTime:0.000636s ]
INFO: [ app_begin ] --END-- [ RunTime:0.000690s ]
NOTIC: [2] session_start(): open(\xampp\tmp\sess_8i1eq0jc0tihfg2oip5pqd2nc1, O_RDWR) failed: No such file or directory (2) D:\pw\th3-1\ThinkPHP\Common\functions.php 第 1190 行.
INFO: [ app_end ] --START--
INFO: Run Behavior\ShowPageTraceBehavior [ RunTime:0.000685s ]
INFO: [ app_end ] --END-- [ RunTime:0.000741s ]

[ 2016-07-05T10:18:44+08:00 ] 127.0.0.1 /th3-1/
INFO: [ app_init ] --START--
INFO: Run Behavior\BuildLiteBehavior [ RunTime:0.000015s ]
INFO: [ app_init ] --END-- [ RunTime:0.000365s ]
INFO: [ app_begin ] --START--
INFO: Run Behavior\ReadHtmlCacheBehavior [ RunTime:0.000643s ]
INFO: [ app_begin ] --END-- [ RunTime:0.000697s ]
NOTIC: [2] session_start(): open(\xampp\tmp\sess_8i1eq0jc0tihfg2oip5pqd2nc1, O_RDWR) failed: No such file or directory (2) D:\pw\th3-1\ThinkPHP\Common\functions.php 第 1190 行.
INFO: [ app_end ] --START--
INFO: Run Behavior\ShowPageTraceBehavior [ RunTime:0.000642s ]
INFO: [ app_end ] --END-- [ RunTime:0.000697s ]

[ 2016-07-05T10:20:13+08:00 ] 127.0.0.1 /th3-1/
INFO: [ app_init ] --START--
INFO: Run Behavior\BuildLiteBehavior [ RunTime:0.000016s ]
INFO: [ app_init ] --END-- [ RunTime:0.000370s ]
INFO: [ app_begin ] --START--
INFO: Run Behavior\ReadHtmlCacheBehavior [ RunTime:0.000632s ]
INFO: [ app_begin ] --END-- [ RunTime:0.000697s ]
NOTIC: [2] session_start(): open(\xampp\tmp\sess_8i1eq0jc0tihfg2oip5pqd2nc1, O_RDWR) failed: No such file or directory (2) D:\pw\th3-1\ThinkPHP\Common\functions.php 第 1190 行.
INFO: [ app_end ] --START--
INFO: Run Behavior\ShowPageTraceBehavior [ RunTime:0.000702s ]
INFO: [ app_end ] --END-- [ RunTime:0.000758s ]

[ 2016-07-05T10:20:14+08:00 ] 127.0.0.1 /th3-1/
INFO: [ app_init ] --START--
INFO: Run Behavior\BuildLiteBehavior [ RunTime:0.000015s ]
INFO: [ app_init ] --END-- [ RunTime:0.000377s ]
INFO: [ app_begin ] --START--
INFO: Run Behavior\ReadHtmlCacheBehavior [ RunTime:0.000681s ]
INFO: [ app_begin ] --END-- [ RunTime:0.000737s ]
NOTIC: [2] session_start(): open(\xampp\tmp\sess_8i1eq0jc0tihfg2oip5pqd2nc1, O_RDWR) failed: No such file or directory (2) D:\pw\th3-1\ThinkPHP\Common\functions.php 第 1190 行.
INFO: [ app_end ] --START--
INFO: Run Behavior\ShowPageTraceBehavior [ RunTime:0.000706s ]
INFO: [ app_end ] --END-- [ RunTime:0.000980s ]

[ 2016-07-05T10:20:15+08:00 ] 127.0.0.1 /th3-1/
INFO: [ app_init ] --START--
INFO: Run Behavior\BuildLiteBehavior [ RunTime:0.000019s ]
INFO: [ app_init ] --END-- [ RunTime:0.000392s ]
INFO: [ app_begin ] --START--
INFO: Run Behavior\ReadHtmlCacheBehavior [ RunTime:0.000642s ]
INFO: [ app_begin ] --END-- [ RunTime:0.000698s ]
NOTIC: [2] session_start(): open(\xampp\tmp\sess_8i1eq0jc0tihfg2oip5pqd2nc1, O_RDWR) failed: No such file or directory (2) D:\pw\th3-1\ThinkPHP\Common\functions.php 第 1190 行.
INFO: [ app_end ] --START--
INFO: Run Behavior\ShowPageTraceBehavior [ RunTime:0.000656s ]
INFO: [ app_end ] --END-- [ RunTime:0.000710s ]

[ 2016-07-05T10:20:26+08:00 ] 127.0.0.1 /th3-1/
INFO: [ app_init ] --START--
INFO: Run Behavior\BuildLiteBehavior [ RunTime:0.000017s ]
INFO: [ app_init ] --END-- [ RunTime:0.000787s ]
INFO: [ app_begin ] --START--
INFO: Run Behavior\ReadHtmlCacheBehavior [ RunTime:0.001771s ]
INFO: [ app_begin ] --END-- [ RunTime:0.001834s ]
NOTIC: [2] session_start(): open(\xampp\tmp\sess_8i1eq0jc0tihfg2oip5pqd2nc1, O_RDWR) failed: No such file or directory (2) D:\pw\th3-1\ThinkPHP\Common\functions.php 第 1190 行.
INFO: [ app_end ] --START--
INFO: Run Behavior\ShowPageTraceBehavior [ RunTime:0.001386s ]
INFO: [ app_end ] --END-- [ RunTime:0.001449s ]

[ 2016-07-05T10:20:30+08:00 ] 127.0.0.1 /th3-1/
INFO: [ app_init ] --START--
INFO: Run Behavior\BuildLiteBehavior [ RunTime:0.000017s ]
INFO: [ app_init ] --END-- [ RunTime:0.000378s ]
INFO: [ app_begin ] --START--
INFO: Run Behavior\ReadHtmlCacheBehavior [ RunTime:0.000627s ]
INFO: [ app_begin ] --END-- [ RunTime:0.000682s ]
NOTIC: [2] session_start(): open(\xampp\tmp\sess_8i1eq0jc0tihfg2oip5pqd2nc1, O_RDWR) failed: No such file or directory (2) D:\pw\th3-1\ThinkPHP\Common\functions.php 第 1190 行.
INFO: [ app_end ] --START--
INFO: Run Behavior\ShowPageTraceBehavior [ RunTime:0.000644s ]
INFO: [ app_end ] --END-- [ RunTime:0.000699s ]

[ 2016-07-05T10:20:32+08:00 ] 127.0.0.1 /th3-1/
INFO: [ app_init ] --START--
INFO: Run Behavior\BuildLiteBehavior [ RunTime:0.000016s ]
INFO: [ app_init ] --END-- [ RunTime:0.000364s ]
INFO: [ app_begin ] --START--
INFO: Run Behavior\ReadHtmlCacheBehavior [ RunTime:0.000629s ]
INFO: [ app_begin ] --END-- [ RunTime:0.000684s ]
NOTIC: [2] session_start(): open(\xampp\tmp\sess_8i1eq0jc0tihfg2oip5pqd2nc1, O_RDWR) failed: No such file or directory (2) D:\pw\th3-1\ThinkPHP\Common\functions.php 第 1190 行.
INFO: [ app_end ] --START--
INFO: Run Behavior\ShowPageTraceBehavior [ RunTime:0.000641s ]
INFO: [ app_end ] --END-- [ RunTime:0.000695s ]

[ 2016-07-05T10:21:34+08:00 ] 127.0.0.1 /th3-1/index.php/Home/User/demo.html
INFO: [ app_init ] --START--
INFO: Run Behavior\BuildLiteBehavior [ RunTime:0.000017s ]
INFO: [ app_init ] --END-- [ RunTime:0.000368s ]
INFO: [ app_begin ] --START--
INFO: Run Behavior\ReadHtmlCacheBehavior [ RunTime:0.000678s ]
INFO: [ app_begin ] --END-- [ RunTime:0.000734s ]
NOTIC: [2] session_start(): open(\xampp\tmp\sess_8i1eq0jc0tihfg2oip5pqd2nc1, O_RDWR) failed: No such file or directory (2) D:\pw\th3-1\ThinkPHP\Common\functions.php 第 1190 行.
SQL: SHOW COLUMNS FROM `user` [ RunTime:0.001793s ]
SQL: SELECT * FROM `user`  [ RunTime:0.000251s ]
INFO: [ app_end ] --START--
INFO: Run Behavior\ShowPageTraceBehavior [ RunTime:0.000745s ]
INFO: [ app_end ] --END-- [ RunTime:0.000801s ]

[ 2016-07-05T10:21:38+08:00 ] 127.0.0.1 /th3-1/index.php/Home/User/demo.html
INFO: [ app_init ] --START--
INFO: Run Behavior\BuildLiteBehavior [ RunTime:0.000015s ]
INFO: [ app_init ] --END-- [ RunTime:0.000371s ]
INFO: [ app_begin ] --START--
INFO: Run Behavior\ReadHtmlCacheBehavior [ RunTime:0.000647s ]
INFO: [ app_begin ] --END-- [ RunTime:0.000702s ]
NOTIC: [2] session_start(): open(\xampp\tmp\sess_8i1eq0jc0tihfg2oip5pqd2nc1, O_RDWR) failed: No such file or directory (2) D:\pw\th3-1\ThinkPHP\Common\functions.php 第 1190 行.
SQL: SHOW COLUMNS FROM `user` [ RunTime:0.001762s ]
SQL: SELECT * FROM `user`  [ RunTime:0.000262s ]
INFO: [ app_end ] --START--
INFO: Run Behavior\ShowPageTraceBehavior [ RunTime:0.000754s ]
INFO: [ app_end ] --END-- [ RunTime:0.000811s ]

[ 2016-07-05T10:21:41+08:00 ] 127.0.0.1 /th3-1/index.php/Home/User/demo.html
INFO: [ app_init ] --START--
INFO: Run Behavior\BuildLiteBehavior [ RunTime:0.000021s ]
INFO: [ app_init ] --END-- [ RunTime:0.000502s ]
INFO: [ app_begin ] --START--
INFO: Run Behavior\ReadHtmlCacheBehavior [ RunTime:0.000801s ]
INFO: [ app_begin ] --END-- [ RunTime:0.000878s ]
NOTIC: [2] session_start(): open(\xampp\tmp\sess_8i1eq0jc0tihfg2oip5pqd2nc1, O_RDWR) failed: No such file or directory (2) D:\pw\th3-1\ThinkPHP\Common\functions.php 第 1190 行.
SQL: SHOW COLUMNS FROM `user` [ RunTime:0.001861s ]
SQL: SELECT * FROM `user`  [ RunTime:0.000282s ]
INFO: [ app_end ] --START--
INFO: Run Behavior\ShowPageTraceBehavior [ RunTime:0.000760s ]
INFO: [ app_end ] --END-- [ RunTime:0.000816s ]

[ 2016-07-05T12:22:30+08:00 ] 127.0.0.1 /th3-1/
INFO: [ app_init ] --START--
INFO: Run Behavior\BuildLiteBehavior [ RunTime:0.000019s ]
INFO: [ app_init ] --END-- [ RunTime:0.000837s ]
INFO: [ app_begin ] --START--
INFO: Run Behavior\ReadHtmlCacheBehavior [ RunTime:0.001721s ]
INFO: [ app_begin ] --END-- [ RunTime:0.001832s ]
NOTIC: [2] session_start(): open(\xampp\tmp\sess_8i1eq0jc0tihfg2oip5pqd2nc1, O_RDWR) failed: No such file or directory (2) D:\pw\th3-1\ThinkPHP\Common\functions.php 第 1190 行.
INFO: [ app_end ] --START--
INFO: Run Behavior\ShowPageTraceBehavior [ RunTime:0.001381s ]
INFO: [ app_end ] --END-- [ RunTime:0.001437s ]

[ 2016-07-05T12:22:39+08:00 ] 127.0.0.1 /th3-1/index.php
INFO: [ app_init ] --START--
INFO: Run Behavior\BuildLiteBehavior [ RunTime:0.000015s ]
INFO: [ app_init ] --END-- [ RunTime:0.000363s ]
INFO: [ app_begin ] --START--
INFO: Run Behavior\ReadHtmlCacheBehavior [ RunTime:0.000634s ]
INFO: [ app_begin ] --END-- [ RunTime:0.001112s ]
NOTIC: [2] session_start(): open(\xampp\tmp\sess_8i1eq0jc0tihfg2oip5pqd2nc1, O_RDWR) failed: No such file or directory (2) D:\pw\th3-1\ThinkPHP\Common\functions.php 第 1190 行.
INFO: [ app_end ] --START--
INFO: Run Behavior\ShowPageTraceBehavior [ RunTime:0.000638s ]
INFO: [ app_end ] --END-- [ RunTime:0.000693s ]

[ 2016-07-05T12:27:56+08:00 ] 127.0.0.1 /th3-1/index.php
INFO: [ app_init ] --START--
INFO: Run Behavior\BuildLiteBehavior [ RunTime:0.000017s ]
INFO: [ app_init ] --END-- [ RunTime:0.000713s ]
INFO: [ app_begin ] --START--
INFO: Run Behavior\ReadHtmlCacheBehavior [ RunTime:0.001834s ]
INFO: [ app_begin ] --END-- [ RunTime:0.001897s ]
NOTIC: [2] session_start(): open(\xampp\tmp\sess_8i1eq0jc0tihfg2oip5pqd2nc1, O_RDWR) failed: No such file or directory (2) D:\pw\th3-1\ThinkPHP\Common\functions.php 第 1190 行.
INFO: [ app_end ] --START--
INFO: Run Behavior\ShowPageTraceBehavior [ RunTime:0.001375s ]
INFO: [ app_end ] --END-- [ RunTime:0.001432s ]

[ 2016-07-05T12:28:19+08:00 ] 127.0.0.1 /th3-1/index.php
INFO: [ app_init ] --START--
INFO: Run Behavior\BuildLiteBehavior [ RunTime:0.000017s ]
INFO: [ app_init ] --END-- [ RunTime:0.000367s ]
INFO: [ app_begin ] --START--
INFO: Run Behavior\ReadHtmlCacheBehavior [ RunTime:0.000625s ]
INFO: [ app_begin ] --END-- [ RunTime:0.001051s ]
NOTIC: [2] session_start(): open(\xampp\tmp\sess_8i1eq0jc0tihfg2oip5pqd2nc1, O_RDWR) failed: No such file or directory (2) D:\pw\th3-1\ThinkPHP\Common\functions.php 第 1190 行.
INFO: [ app_end ] --START--
INFO: Run Behavior\ShowPageTraceBehavior [ RunTime:0.000631s ]
INFO: [ app_end ] --END-- [ RunTime:0.000688s ]

[ 2016-07-05T12:28:22+08:00 ] 127.0.0.1 /th3-1/index.php/Home/User/demo.html
INFO: [ app_init ] --START--
INFO: Run Behavior\BuildLiteBehavior [ RunTime:0.000016s ]
INFO: [ app_init ] --END-- [ RunTime:0.000365s ]
INFO: [ app_begin ] --START--
INFO: Run Behavior\ReadHtmlCacheBehavior [ RunTime:0.000803s ]
INFO: [ app_begin ] --END-- [ RunTime:0.000862s ]
NOTIC: [2] session_start(): open(\xampp\tmp\sess_8i1eq0jc0tihfg2oip5pqd2nc1, O_RDWR) failed: No such file or directory (2) D:\pw\th3-1\ThinkPHP\Common\functions.php 第 1190 行.
SQL: SHOW COLUMNS FROM `user` [ RunTime:0.008480s ]
SQL: SELECT * FROM `user`  [ RunTime:0.000294s ]
INFO: [ app_end ] --START--
INFO: Run Behavior\ShowPageTraceBehavior [ RunTime:0.000726s ]
INFO: [ app_end ] --END-- [ RunTime:0.000782s ]

[ 2016-07-05T12:38:32+08:00 ] 127.0.0.1 /th3-1/index.php/Home/User/demo.html
INFO: [ app_init ] --START--
INFO: Run Behavior\BuildLiteBehavior [ RunTime:0.000018s ]
INFO: [ app_init ] --END-- [ RunTime:0.000736s ]
INFO: [ app_begin ] --START--
INFO: Run Behavior\ReadHtmlCacheBehavior [ RunTime:0.001809s ]
INFO: [ app_begin ] --END-- [ RunTime:0.001867s ]
NOTIC: [2] session_start(): open(\xampp\tmp\sess_8i1eq0jc0tihfg2oip5pqd2nc1, O_RDWR) failed: No such file or directory (2) D:\pw\th3-1\ThinkPHP\Common\functions.php 第 1190 行.
SQL: SELECT * FROM `user` WHERE ( username='admin )  [ RunTime:0.000111s ]
ERR: 1064:You have an error in your SQL syntax; check the manual that corresponds to your MySQL server version for the right syntax to use near ''admin )' at line 1
 [ SQL语句 ] : SELECT * FROM `user` WHERE ( username='admin ) 
INFO: [ app_end ] --START--
INFO: Run Behavior\ShowPageTraceBehavior [ RunTime:0.001462s ]
INFO: [ app_end ] --END-- [ RunTime:0.001515s ]

[ 2016-07-05T12:38:33+08:00 ] 127.0.0.1 /th3-1/index.php/Home/User/demo.html
INFO: [ app_init ] --START--
INFO: Run Behavior\BuildLiteBehavior [ RunTime:0.000016s ]
INFO: [ app_init ] --END-- [ RunTime:0.000362s ]
INFO: [ app_begin ] --START--
INFO: Run Behavior\ReadHtmlCacheBehavior [ RunTime:0.000634s ]
INFO: [ app_begin ] --END-- [ RunTime:0.000689s ]
NOTIC: [2] session_start(): open(\xampp\tmp\sess_8i1eq0jc0tihfg2oip5pqd2nc1, O_RDWR) failed: No such file or directory (2) D:\pw\th3-1\ThinkPHP\Common\functions.php 第 1190 行.
SQL: SELECT * FROM `user` WHERE ( username='admin )  [ RunTime:0.000112s ]
ERR: 1064:You have an error in your SQL syntax; check the manual that corresponds to your MySQL server version for the right syntax to use near ''admin )' at line 1
 [ SQL语句 ] : SELECT * FROM `user` WHERE ( username='admin ) 
INFO: [ app_end ] --START--
INFO: Run Behavior\ShowPageTraceBehavior [ RunTime:0.000693s ]
INFO: [ app_end ] --END-- [ RunTime:0.000745s ]

[ 2016-07-05T12:38:34+08:00 ] 127.0.0.1 /th3-1/index.php/Home/User/demo.html
INFO: [ app_init ] --START--
INFO: Run Behavior\BuildLiteBehavior [ RunTime:0.000016s ]
INFO: [ app_init ] --END-- [ RunTime:0.000365s ]
INFO: [ app_begin ] --START--
INFO: Run Behavior\ReadHtmlCacheBehavior [ RunTime:0.000741s ]
INFO: [ app_begin ] --END-- [ RunTime:0.000796s ]
NOTIC: [2] session_start(): open(\xampp\tmp\sess_8i1eq0jc0tihfg2oip5pqd2nc1, O_RDWR) failed: No such file or directory (2) D:\pw\th3-1\ThinkPHP\Common\functions.php 第 1190 行.
SQL: SELECT * FROM `user` WHERE ( username='admin )  [ RunTime:0.000112s ]
ERR: 1064:You have an error in your SQL syntax; check the manual that corresponds to your MySQL server version for the right syntax to use near ''admin )' at line 1
 [ SQL语句 ] : SELECT * FROM `user` WHERE ( username='admin ) 
INFO: [ app_end ] --START--
INFO: Run Behavior\ShowPageTraceBehavior [ RunTime:0.000747s ]
INFO: [ app_end ] --END-- [ RunTime:0.000798s ]

[ 2016-07-05T12:38:35+08:00 ] 127.0.0.1 /th3-1/index.php/Home/User/demo.html
INFO: [ app_init ] --START--
INFO: Run Behavior\BuildLiteBehavior [ RunTime:0.000017s ]
INFO: [ app_init ] --END-- [ RunTime:0.000379s ]
INFO: [ app_begin ] --START--
INFO: Run Behavior\ReadHtmlCacheBehavior [ RunTime:0.000732s ]
INFO: [ app_begin ] --END-- [ RunTime:0.000789s ]
NOTIC: [2] session_start(): open(\xampp\tmp\sess_8i1eq0jc0tihfg2oip5pqd2nc1, O_RDWR) failed: No such file or directory (2) D:\pw\th3-1\ThinkPHP\Common\functions.php 第 1190 行.
SQL: SELECT * FROM `user` WHERE ( username='admin )  [ RunTime:0.000107s ]
ERR: 1064:You have an error in your SQL syntax; check the manual that corresponds to your MySQL server version for the right syntax to use near ''admin )' at line 1
 [ SQL语句 ] : SELECT * FROM `user` WHERE ( username='admin ) 
INFO: [ app_end ] --START--
INFO: Run Behavior\ShowPageTraceBehavior [ RunTime:0.000673s ]
INFO: [ app_end ] --END-- [ RunTime:0.000732s ]

[ 2016-07-05T12:38:58+08:00 ] 127.0.0.1 /th3-1/index.php/Home/User/demo.html
INFO: [ app_init ] --START--
INFO: Run Behavior\BuildLiteBehavior [ RunTime:0.000016s ]
INFO: [ app_init ] --END-- [ RunTime:0.000372s ]
INFO: [ app_begin ] --START--
INFO: Run Behavior\ReadHtmlCacheBehavior [ RunTime:0.000627s ]
INFO: [ app_begin ] --END-- [ RunTime:0.000683s ]
NOTIC: [2] session_start(): open(\xampp\tmp\sess_8i1eq0jc0tihfg2oip5pqd2nc1, O_RDWR) failed: No such file or directory (2) D:\pw\th3-1\ThinkPHP\Common\functions.php 第 1190 行.
SQL: SELECT * FROM `user` WHERE ( username='admin )  [ RunTime:0.000113s ]
ERR: 1064:You have an error in your SQL syntax; check the manual that corresponds to your MySQL server version for the right syntax to use near ''admin )' at line 1
 [ SQL语句 ] : SELECT * FROM `user` WHERE ( username='admin ) 
INFO: [ app_end ] --START--
INFO: Run Behavior\ShowPageTraceBehavior [ RunTime:0.000687s ]
INFO: [ app_end ] --END-- [ RunTime:0.000739s ]

[ 2016-07-05T12:39:00+08:00 ] 127.0.0.1 /th3-1/index.php/Home/User/demo.html
INFO: [ app_init ] --START--
INFO: Run Behavior\BuildLiteBehavior [ RunTime:0.000016s ]
INFO: [ app_init ] --END-- [ RunTime:0.000364s ]
INFO: [ app_begin ] --START--
INFO: Run Behavior\ReadHtmlCacheBehavior [ RunTime:0.000834s ]
INFO: [ app_begin ] --END-- [ RunTime:0.000894s ]
NOTIC: [2] session_start(): open(\xampp\tmp\sess_8i1eq0jc0tihfg2oip5pqd2nc1, O_RDWR) failed: No such file or directory (2) D:\pw\th3-1\ThinkPHP\Common\functions.php 第 1190 行.
SQL: SELECT * FROM `user` WHERE ( username='admin )  [ RunTime:0.000125s ]
ERR: 1064:You have an error in your SQL syntax; check the manual that corresponds to your MySQL server version for the right syntax to use near ''admin )' at line 1
 [ SQL语句 ] : SELECT * FROM `user` WHERE ( username='admin ) 
INFO: [ app_end ] --START--
INFO: Run Behavior\ShowPageTraceBehavior [ RunTime:0.000673s ]
INFO: [ app_end ] --END-- [ RunTime:0.000725s ]

[ 2016-07-05T12:39:24+08:00 ] 127.0.0.1 /th3-1/index.php/Home/User/demo.html
INFO: [ app_init ] --START--
INFO: Run Behavior\BuildLiteBehavior [ RunTime:0.000015s ]
INFO: [ app_init ] --END-- [ RunTime:0.000361s ]
INFO: [ app_begin ] --START--
INFO: Run Behavior\ReadHtmlCacheBehavior [ RunTime:0.000626s ]
INFO: [ app_begin ] --END-- [ RunTime:0.000688s ]
NOTIC: [2] session_start(): open(\xampp\tmp\sess_8i1eq0jc0tihfg2oip5pqd2nc1, O_RDWR) failed: No such file or directory (2) D:\pw\th3-1\ThinkPHP\Common\functions.php 第 1190 行.
SQL: SELECT * FROM `user`  [ RunTime:0.000307s ]
INFO: [ app_end ] --START--
INFO: Run Behavior\ShowPageTraceBehavior [ RunTime:0.000683s ]
INFO: [ app_end ] --END-- [ RunTime:0.000740s ]

[ 2016-07-05T12:40:17+08:00 ] 127.0.0.1 /th3-1/index.php/Home/User/demo.html
INFO: [ app_init ] --START--
INFO: Run Behavior\BuildLiteBehavior [ RunTime:0.000016s ]
INFO: [ app_init ] --END-- [ RunTime:0.000412s ]
INFO: [ app_begin ] --START--
INFO: Run Behavior\ReadHtmlCacheBehavior [ RunTime:0.000633s ]
INFO: [ app_begin ] --END-- [ RunTime:0.000689s ]
NOTIC: [2] session_start(): open(\xampp\tmp\sess_8i1eq0jc0tihfg2oip5pqd2nc1, O_RDWR) failed: No such file or directory (2) D:\pw\th3-1\ThinkPHP\Common\functions.php 第 1190 行.
SQL: SELECT * FROM `user` WHERE ( username='admin )  [ RunTime:0.000119s ]
ERR: 1064:You have an error in your SQL syntax; check the manual that corresponds to your MySQL server version for the right syntax to use near ''admin )' at line 1
 [ SQL语句 ] : SELECT * FROM `user` WHERE ( username='admin ) 
INFO: [ app_end ] --START--
INFO: Run Behavior\ShowPageTraceBehavior [ RunTime:0.000741s ]
INFO: [ app_end ] --END-- [ RunTime:0.000795s ]

[ 2016-07-05T12:40:19+08:00 ] 127.0.0.1 /th3-1/index.php/Home/User/demo.html
INFO: [ app_init ] --START--
INFO: Run Behavior\BuildLiteBehavior [ RunTime:0.000016s ]
INFO: [ app_init ] --END-- [ RunTime:0.000363s ]
INFO: [ app_begin ] --START--
INFO: Run Behavior\ReadHtmlCacheBehavior [ RunTime:0.000685s ]
INFO: [ app_begin ] --END-- [ RunTime:0.000740s ]
NOTIC: [2] session_start(): open(\xampp\tmp\sess_8i1eq0jc0tihfg2oip5pqd2nc1, O_RDWR) failed: No such file or directory (2) D:\pw\th3-1\ThinkPHP\Common\functions.php 第 1190 行.
SQL: SELECT * FROM `user` WHERE ( username='admin )  [ RunTime:0.000106s ]
ERR: 1064:You have an error in your SQL syntax; check the manual that corresponds to your MySQL server version for the right syntax to use near ''admin )' at line 1
 [ SQL语句 ] : SELECT * FROM `user` WHERE ( username='admin ) 
INFO: [ app_end ] --START--
INFO: Run Behavior\ShowPageTraceBehavior [ RunTime:0.000678s ]
INFO: [ app_end ] --END-- [ RunTime:0.000731s ]

[ 2016-07-05T12:40:20+08:00 ] 127.0.0.1 /th3-1/index.php
INFO: [ app_init ] --START--
INFO: Run Behavior\BuildLiteBehavior [ RunTime:0.000020s ]
INFO: [ app_init ] --END-- [ RunTime:0.000411s ]
INFO: [ app_begin ] --START--
INFO: Run Behavior\ReadHtmlCacheBehavior [ RunTime:0.000714s ]
INFO: [ app_begin ] --END-- [ RunTime:0.000770s ]
NOTIC: [2] session_start(): open(\xampp\tmp\sess_8i1eq0jc0tihfg2oip5pqd2nc1, O_RDWR) failed: No such file or directory (2) D:\pw\th3-1\ThinkPHP\Common\functions.php 第 1190 行.
INFO: [ app_end ] --START--
INFO: Run Behavior\ShowPageTraceBehavior [ RunTime:0.000641s ]
INFO: [ app_end ] --END-- [ RunTime:0.000696s ]

[ 2016-07-05T12:40:21+08:00 ] 127.0.0.1 /th3-1/index.php/Home/User/demo.html
INFO: [ app_init ] --START--
INFO: Run Behavior\BuildLiteBehavior [ RunTime:0.000018s ]
INFO: [ app_init ] --END-- [ RunTime:0.000383s ]
INFO: [ app_begin ] --START--
INFO: Run Behavior\ReadHtmlCacheBehavior [ RunTime:0.000640s ]
INFO: [ app_begin ] --END-- [ RunTime:0.000696s ]
NOTIC: [2] session_start(): open(\xampp\tmp\sess_8i1eq0jc0tihfg2oip5pqd2nc1, O_RDWR) failed: No such file or directory (2) D:\pw\th3-1\ThinkPHP\Common\functions.php 第 1190 行.
SQL: SELECT * FROM `user` WHERE ( username='admin )  [ RunTime:0.000108s ]
ERR: 1064:You have an error in your SQL syntax; check the manual that corresponds to your MySQL server version for the right syntax to use near ''admin )' at line 1
 [ SQL语句 ] : SELECT * FROM `user` WHERE ( username='admin ) 
INFO: [ app_end ] --START--
INFO: Run Behavior\ShowPageTraceBehavior [ RunTime:0.000731s ]
INFO: [ app_end ] --END-- [ RunTime:0.000783s ]

[ 2016-07-05T12:40:55+08:00 ] 127.0.0.1 /th3-1/index.php/Home/User/demo.html
INFO: [ app_init ] --START--
INFO: Run Behavior\BuildLiteBehavior [ RunTime:0.000019s ]
INFO: [ app_init ] --END-- [ RunTime:0.000935s ]
INFO: [ app_begin ] --START--
INFO: Run Behavior\ReadHtmlCacheBehavior [ RunTime:0.001720s ]
INFO: [ app_begin ] --END-- [ RunTime:0.001777s ]
NOTIC: [2] session_start(): open(\xampp\tmp\sess_8i1eq0jc0tihfg2oip5pqd2nc1, O_RDWR) failed: No such file or directory (2) D:\pw\th3-1\ThinkPHP\Common\functions.php 第 1190 行.
SQL: SELECT * FROM `user` WHERE ( username='admin' )  [ RunTime:0.000310s ]
INFO: [ app_end ] --START--
INFO: Run Behavior\ShowPageTraceBehavior [ RunTime:0.001452s ]
INFO: [ app_end ] --END-- [ RunTime:0.001509s ]

[ 2016-07-05T12:42:55+08:00 ] 127.0.0.1 /th3-1/index.php/Home/User/demo.html
INFO: [ app_init ] --START--
INFO: Run Behavior\BuildLiteBehavior [ RunTime:0.000016s ]
INFO: [ app_init ] --END-- [ RunTime:0.000373s ]
INFO: [ app_begin ] --START--
INFO: Run Behavior\ReadHtmlCacheBehavior [ RunTime:0.000683s ]
INFO: [ app_begin ] --END-- [ RunTime:0.000739s ]
NOTIC: [2] session_start(): open(\xampp\tmp\sess_8i1eq0jc0tihfg2oip5pqd2nc1, O_RDWR) failed: No such file or directory (2) D:\pw\th3-1\ThinkPHP\Common\functions.php 第 1190 行.
SQL: SELECT * FROM `user` ORDER BY addtime desc  [ RunTime:0.000372s ]
INFO: [ app_end ] --START--
INFO: Run Behavior\ShowPageTraceBehavior [ RunTime:0.000695s ]
INFO: [ app_end ] --END-- [ RunTime:0.000752s ]

[ 2016-07-05T12:43:00+08:00 ] 127.0.0.1 /th3-1/index.php/Home/User/demo.html
INFO: [ app_init ] --START--
INFO: Run Behavior\BuildLiteBehavior [ RunTime:0.000018s ]
INFO: [ app_init ] --END-- [ RunTime:0.000750s ]
INFO: [ app_begin ] --START--
INFO: Run Behavior\ReadHtmlCacheBehavior [ RunTime:0.001714s ]
INFO: [ app_begin ] --END-- [ RunTime:0.001771s ]
NOTIC: [2] session_start(): open(\xampp\tmp\sess_8i1eq0jc0tihfg2oip5pqd2nc1, O_RDWR) failed: No such file or directory (2) D:\pw\th3-1\ThinkPHP\Common\functions.php 第 1190 行.
SQL: SELECT * FROM `user` ORDER BY addtime desc  [ RunTime:0.000354s ]
INFO: [ app_end ] --START--
INFO: Run Behavior\ShowPageTraceBehavior [ RunTime:0.001501s ]
INFO: [ app_end ] --END-- [ RunTime:0.001559s ]

[ 2016-07-05T12:43:17+08:00 ] 127.0.0.1 /th3-1/index.php/Home/User/demo.html
INFO: [ app_init ] --START--
INFO: Run Behavior\BuildLiteBehavior [ RunTime:0.000016s ]
INFO: [ app_init ] --END-- [ RunTime:0.000409s ]
INFO: [ app_begin ] --START--
INFO: Run Behavior\ReadHtmlCacheBehavior [ RunTime:0.000623s ]
INFO: [ app_begin ] --END-- [ RunTime:0.000679s ]
NOTIC: [2] session_start(): open(\xampp\tmp\sess_8i1eq0jc0tihfg2oip5pqd2nc1, O_RDWR) failed: No such file or directory (2) D:\pw\th3-1\ThinkPHP\Common\functions.php 第 1190 行.
SQL: SELECT * FROM `user` ORDER BY addtime asc  [ RunTime:0.000352s ]
INFO: [ app_end ] --START--
INFO: Run Behavior\ShowPageTraceBehavior [ RunTime:0.000677s ]
INFO: [ app_end ] --END-- [ RunTime:0.000734s ]

[ 2016-07-05T12:45:22+08:00 ] 127.0.0.1 /th3-1/index.php/Home/User/demo.html
INFO: [ app_init ] --START--
INFO: Run Behavior\BuildLiteBehavior [ RunTime:0.000019s ]
INFO: [ app_init ] --END-- [ RunTime:0.000751s ]
INFO: [ app_begin ] --START--
INFO: Run Behavior\ReadHtmlCacheBehavior [ RunTime:0.001743s ]
INFO: [ app_begin ] --END-- [ RunTime:0.001801s ]
NOTIC: [2] session_start(): open(\xampp\tmp\sess_8i1eq0jc0tihfg2oip5pqd2nc1, O_RDWR) failed: No such file or directory (2) D:\pw\th3-1\ThinkPHP\Common\functions.php 第 1190 行.
SQL: SELECT * FROM `user` ORDER BY addtime desc  [ RunTime:0.000353s ]
SQL: SELECT * FROM `user` LIMIT 2   [ RunTime:0.000192s ]
INFO: [ app_end ] --START--
INFO: Run Behavior\ShowPageTraceBehavior [ RunTime:0.001441s ]
INFO: [ app_end ] --END-- [ RunTime:0.001496s ]

[ 2016-07-05T12:46:54+08:00 ] 127.0.0.1 /th3-1/index.php/Home/User/demo.html
INFO: [ app_init ] --START--
INFO: Run Behavior\BuildLiteBehavior [ RunTime:0.000020s ]
INFO: [ app_init ] --END-- [ RunTime:0.000424s ]
INFO: [ app_begin ] --START--
INFO: Run Behavior\ReadHtmlCacheBehavior [ RunTime:0.000712s ]
INFO: [ app_begin ] --END-- [ RunTime:0.000782s ]
NOTIC: [2] session_start(): open(\xampp\tmp\sess_8i1eq0jc0tihfg2oip5pqd2nc1, O_RDWR) failed: No such file or directory (2) D:\pw\th3-1\ThinkPHP\Common\functions.php 第 1190 行.
SQL: SHOW COLUMNS FROM `stu` [ RunTime:0.001577s ]
SQL: SELECT * FROM `stu`  [ RunTime:0.000248s ]
INFO: [ app_end ] --START--
INFO: Run Behavior\ShowPageTraceBehavior [ RunTime:0.000715s ]
INFO: [ app_end ] --END-- [ RunTime:0.000771s ]

[ 2016-07-05T12:50:51+08:00 ] 127.0.0.1 /th3-1/index.php/Home/User/demo.html
INFO: [ app_init ] --START--
INFO: Run Behavior\BuildLiteBehavior [ RunTime:0.000017s ]
INFO: [ app_init ] --END-- [ RunTime:0.000725s ]
INFO: [ app_begin ] --START--
INFO: Run Behavior\ReadHtmlCacheBehavior [ RunTime:0.001744s ]
INFO: [ app_begin ] --END-- [ RunTime:0.001811s ]
NOTIC: [2] session_start(): open(\xampp\tmp\sess_8i1eq0jc0tihfg2oip5pqd2nc1, O_RDWR) failed: No such file or directory (2) D:\pw\th3-1\ThinkPHP\Common\functions.php 第 1190 行.
SQL: SHOW COLUMNS FROM `stu` [ RunTime:0.001687s ]
ERR: 表达式错误:betweeen

[ 2016-07-05T12:50:53+08:00 ] 127.0.0.1 /th3-1/index.php/Home/User/demo.html
INFO: [ app_init ] --START--
INFO: Run Behavior\BuildLiteBehavior [ RunTime:0.000016s ]
INFO: [ app_init ] --END-- [ RunTime:0.000363s ]
INFO: [ app_begin ] --START--
INFO: Run Behavior\ReadHtmlCacheBehavior [ RunTime:0.000671s ]
INFO: [ app_begin ] --END-- [ RunTime:0.000727s ]
NOTIC: [2] session_start(): open(\xampp\tmp\sess_8i1eq0jc0tihfg2oip5pqd2nc1, O_RDWR) failed: No such file or directory (2) D:\pw\th3-1\ThinkPHP\Common\functions.php 第 1190 行.
SQL: SHOW COLUMNS FROM `stu` [ RunTime:0.001653s ]
ERR: 表达式错误:betweeen

[ 2016-07-05T12:50:54+08:00 ] 127.0.0.1 /th3-1/index.php/Home/User/demo.html
INFO: [ app_init ] --START--
INFO: Run Behavior\BuildLiteBehavior [ RunTime:0.000016s ]
INFO: [ app_init ] --END-- [ RunTime:0.000364s ]
INFO: [ app_begin ] --START--
INFO: Run Behavior\ReadHtmlCacheBehavior [ RunTime:0.000638s ]
INFO: [ app_begin ] --END-- [ RunTime:0.000695s ]
NOTIC: [2] session_start(): open(\xampp\tmp\sess_8i1eq0jc0tihfg2oip5pqd2nc1, O_RDWR) failed: No such file or directory (2) D:\pw\th3-1\ThinkPHP\Common\functions.php 第 1190 行.
SQL: SHOW COLUMNS FROM `stu` [ RunTime:0.011815s ]
ERR: 表达式错误:betweeen

[ 2016-07-05T12:50:55+08:00 ] 127.0.0.1 /th3-1/index.php
INFO: [ app_init ] --START--
INFO: Run Behavior\BuildLiteBehavior [ RunTime:0.000017s ]
INFO: [ app_init ] --END-- [ RunTime:0.000371s ]
INFO: [ app_begin ] --START--
INFO: Run Behavior\ReadHtmlCacheBehavior [ RunTime:0.000633s ]
INFO: [ app_begin ] --END-- [ RunTime:0.000690s ]
NOTIC: [2] session_start(): open(\xampp\tmp\sess_8i1eq0jc0tihfg2oip5pqd2nc1, O_RDWR) failed: No such file or directory (2) D:\pw\th3-1\ThinkPHP\Common\functions.php 第 1190 行.
INFO: [ app_end ] --START--
INFO: Run Behavior\ShowPageTraceBehavior [ RunTime:0.001453s ]
INFO: [ app_end ] --END-- [ RunTime:0.001511s ]

[ 2016-07-05T12:50:57+08:00 ] 127.0.0.1 /th3-1/index.php/Home/User/demo.html
INFO: [ app_init ] --START--
INFO: Run Behavior\BuildLiteBehavior [ RunTime:0.000016s ]
INFO: [ app_init ] --END-- [ RunTime:0.000365s ]
INFO: [ app_begin ] --START--
INFO: Run Behavior\ReadHtmlCacheBehavior [ RunTime:0.000678s ]
INFO: [ app_begin ] --END-- [ RunTime:0.000734s ]
NOTIC: [2] session_start(): open(\xampp\tmp\sess_8i1eq0jc0tihfg2oip5pqd2nc1, O_RDWR) failed: No such file or directory (2) D:\pw\th3-1\ThinkPHP\Common\functions.php 第 1190 行.
SQL: SHOW COLUMNS FROM `stu` [ RunTime:0.001634s ]
ERR: 表达式错误:betweeen

[ 2016-07-05T12:51:07+08:00 ] 127.0.0.1 /th3-1/index.php/Home/User/demo.html
INFO: [ app_init ] --START--
INFO: Run Behavior\BuildLiteBehavior [ RunTime:0.000019s ]
INFO: [ app_init ] --END-- [ RunTime:0.000497s ]
INFO: [ app_begin ] --START--
INFO: Run Behavior\ReadHtmlCacheBehavior [ RunTime:0.000900s ]
INFO: [ app_begin ] --END-- [ RunTime:0.000966s ]
NOTIC: [2] session_start(): open(\xampp\tmp\sess_8i1eq0jc0tihfg2oip5pqd2nc1, O_RDWR) failed: No such file or directory (2) D:\pw\th3-1\ThinkPHP\Common\functions.php 第 1190 行.
SQL: SHOW COLUMNS FROM `stu` [ RunTime:0.001623s ]
SQL: SELECT * FROM `stu` WHERE `age` BETWEEN '0' AND '29' AND `sex` = 0  [ RunTime:0.031132s ]
INFO: [ app_end ] --START--
INFO: Run Behavior\ShowPageTraceBehavior [ RunTime:0.000759s ]
INFO: [ app_end ] --END-- [ RunTime:0.000816s ]

[ 2016-07-05T13:59:53+08:00 ] 127.0.0.1 /th3-1/index.php/Home/User/demo.html
INFO: [ app_init ] --START--
INFO: Run Behavior\BuildLiteBehavior [ RunTime:0.000023s ]
INFO: [ app_init ] --END-- [ RunTime:0.000963s ]
INFO: [ app_begin ] --START--
INFO: Run Behavior\ReadHtmlCacheBehavior [ RunTime:0.002165s ]
INFO: [ app_begin ] --END-- [ RunTime:0.002263s ]
NOTIC: [2] session_start(): open(\xampp\tmp\sess_8i1eq0jc0tihfg2oip5pqd2nc1, O_RDWR) failed: No such file or directory (2) D:\pw\th3-1\ThinkPHP\Common\functions.php 第 1190 行.
SQL: SHOW COLUMNS FROM `stu` [ RunTime:0.002026s ]
SQL: SELECT * FROM `stu` WHERE `age` BETWEEN '0' AND '29' AND `sex` = 0 AND `name` LIKE '%u%'  [ RunTime:0.002518s ]
INFO: [ app_end ] --START--
INFO: Run Behavior\ShowPageTraceBehavior [ RunTime:0.001857s ]
INFO: [ app_end ] --END-- [ RunTime:0.001937s ]

[ 2016-07-05T13:59:54+08:00 ] 127.0.0.1 /th3-1/index.php/Home/User/demo.html
INFO: [ app_init ] --START--
INFO: Run Behavior\BuildLiteBehavior [ RunTime:0.000021s ]
INFO: [ app_init ] --END-- [ RunTime:0.000511s ]
INFO: [ app_begin ] --START--
INFO: Run Behavior\ReadHtmlCacheBehavior [ RunTime:0.000761s ]
INFO: [ app_begin ] --END-- [ RunTime:0.000847s ]
NOTIC: [2] session_start(): open(\xampp\tmp\sess_8i1eq0jc0tihfg2oip5pqd2nc1, O_RDWR) failed: No such file or directory (2) D:\pw\th3-1\ThinkPHP\Common\functions.php 第 1190 行.
SQL: SHOW COLUMNS FROM `stu` [ RunTime:0.001952s ]
SQL: SELECT * FROM `stu` WHERE `age` BETWEEN '0' AND '29' AND `sex` = 0 AND `name` LIKE '%u%'  [ RunTime:0.000402s ]
INFO: [ app_end ] --START--
INFO: Run Behavior\ShowPageTraceBehavior [ RunTime:0.000868s ]
INFO: [ app_end ] --END-- [ RunTime:0.000941s ]

[ 2016-07-05T14:00:25+08:00 ] 127.0.0.1 /th3-1/index.php/Home/User/demo.html
INFO: [ app_init ] --START--
INFO: Run Behavior\BuildLiteBehavior [ RunTime:0.000020s ]
INFO: [ app_init ] --END-- [ RunTime:0.000441s ]
INFO: [ app_begin ] --START--
INFO: Run Behavior\ReadHtmlCacheBehavior [ RunTime:0.000773s ]
INFO: [ app_begin ] --END-- [ RunTime:0.000859s ]
NOTIC: [2] session_start(): open(\xampp\tmp\sess_8i1eq0jc0tihfg2oip5pqd2nc1, O_RDWR) failed: No such file or directory (2) D:\pw\th3-1\ThinkPHP\Common\functions.php 第 1190 行.
SQL: SHOW COLUMNS FROM `stu` [ RunTime:0.001942s ]
SQL: SELECT * FROM `stu` WHERE `age` BETWEEN '0' AND '29' AND `sex` = 0 AND `name` LIKE 'u%'  [ RunTime:0.000412s ]
INFO: [ app_end ] --START--
INFO: Run Behavior\ShowPageTraceBehavior [ RunTime:0.000852s ]
INFO: [ app_end ] --END-- [ RunTime:0.000925s ]

[ 2016-07-05T14:00:27+08:00 ] 127.0.0.1 /th3-1/index.php/Home/User/demo.html
INFO: [ app_init ] --START--
INFO: Run Behavior\BuildLiteBehavior [ RunTime:0.000021s ]
INFO: [ app_init ] --END-- [ RunTime:0.000445s ]
INFO: [ app_begin ] --START--
INFO: Run Behavior\ReadHtmlCacheBehavior [ RunTime:0.000784s ]
INFO: [ app_begin ] --END-- [ RunTime:0.000871s ]
NOTIC: [2] session_start(): open(\xampp\tmp\sess_8i1eq0jc0tihfg2oip5pqd2nc1, O_RDWR) failed: No such file or directory (2) D:\pw\th3-1\ThinkPHP\Common\functions.php 第 1190 行.
SQL: SHOW COLUMNS FROM `stu` [ RunTime:0.001948s ]
SQL: SELECT * FROM `stu` WHERE `age` BETWEEN '0' AND '29' AND `sex` = 0 AND `name` LIKE 'u%'  [ RunTime:0.000485s ]
INFO: [ app_end ] --START--
INFO: Run Behavior\ShowPageTraceBehavior [ RunTime:0.000949s ]
INFO: [ app_end ] --END-- [ RunTime:0.001015s ]

[ 2016-07-05T14:00:28+08:00 ] 127.0.0.1 /th3-1/index.php/Home/User/demo.html
INFO: [ app_init ] --START--
INFO: Run Behavior\BuildLiteBehavior [ RunTime:0.000021s ]
INFO: [ app_init ] --END-- [ RunTime:0.000446s ]
INFO: [ app_begin ] --START--
INFO: Run Behavior\ReadHtmlCacheBehavior [ RunTime:0.000855s ]
INFO: [ app_begin ] --END-- [ RunTime:0.000941s ]
NOTIC: [2] session_start(): open(\xampp\tmp\sess_8i1eq0jc0tihfg2oip5pqd2nc1, O_RDWR) failed: No such file or directory (2) D:\pw\th3-1\ThinkPHP\Common\functions.php 第 1190 行.
SQL: SHOW COLUMNS FROM `stu` [ RunTime:0.002476s ]
SQL: SELECT * FROM `stu` WHERE `age` BETWEEN '0' AND '29' AND `sex` = 0 AND `name` LIKE 'u%'  [ RunTime:0.000401s ]
INFO: [ app_end ] --START--
INFO: Run Behavior\ShowPageTraceBehavior [ RunTime:0.000879s ]
INFO: [ app_end ] --END-- [ RunTime:0.000953s ]

[ 2016-07-05T14:02:28+08:00 ] 127.0.0.1 /th3-1/index.php/Home/User/demo.html
INFO: [ app_init ] --START--
INFO: Run Behavior\BuildLiteBehavior [ RunTime:0.000023s ]
INFO: [ app_init ] --END-- [ RunTime:0.001032s ]
INFO: [ app_begin ] --START--
INFO: Run Behavior\ReadHtmlCacheBehavior [ RunTime:0.001933s ]
INFO: [ app_begin ] --END-- [ RunTime:0.002032s ]
NOTIC: [2] session_start(): open(\xampp\tmp\sess_8i1eq0jc0tihfg2oip5pqd2nc1, O_RDWR) failed: No such file or directory (2) D:\pw\th3-1\ThinkPHP\Common\functions.php 第 1190 行.
SQL: SHOW COLUMNS FROM `stu` [ RunTime:0.002157s ]
SQL: SELECT * FROM `stu` WHERE `age` BETWEEN '0' AND '29' AND `sex` = 0 AND `name` LIKE 'u%'  [ RunTime:0.000827s ]
INFO: [ app_end ] --START--
INFO: Run Behavior\ShowPageTraceBehavior [ RunTime:0.001791s ]
INFO: [ app_end ] --END-- [ RunTime:0.001875s ]

[ 2016-07-05T14:11:31+08:00 ] 127.0.0.1 /th3-1/index.php
INFO: [ app_init ] --START--
INFO: Run Behavior\BuildLiteBehavior [ RunTime:0.000018s ]
INFO: [ app_init ] --END-- [ RunTime:0.000768s ]
INFO: [ app_begin ] --START--
INFO: Run Behavior\ReadHtmlCacheBehavior [ RunTime:0.003692s ]
INFO: [ app_begin ] --END-- [ RunTime:0.003802s ]
NOTIC: [2] session_start(): open(\xampp\tmp\sess_8i1eq0jc0tihfg2oip5pqd2nc1, O_RDWR) failed: No such file or directory (2) D:\pw\th3-1\ThinkPHP\Common\functions.php 第 1190 行.
INFO: [ app_end ] --START--
INFO: Run Behavior\ShowPageTraceBehavior [ RunTime:0.001398s ]
INFO: [ app_end ] --END-- [ RunTime:0.001516s ]

[ 2016-07-05T14:11:32+08:00 ] 127.0.0.1 /th3-1/index.php/Home/User/fun.html
INFO: [ app_init ] --START--
INFO: Run Behavior\BuildLiteBehavior [ RunTime:0.000018s ]
INFO: [ app_init ] --END-- [ RunTime:0.000385s ]
INFO: [ app_begin ] --START--
INFO: Run Behavior\ReadHtmlCacheBehavior [ RunTime:0.000631s ]
INFO: [ app_begin ] --END-- [ RunTime:0.000688s ]
NOTIC: [2] session_start(): open(\xampp\tmp\sess_8i1eq0jc0tihfg2oip5pqd2nc1, O_RDWR) failed: No such file or directory (2) D:\pw\th3-1\ThinkPHP\Common\functions.php 第 1190 行.
SQL: SHOW COLUMNS FROM `user` [ RunTime:0.031307s ]
SQL: INSERT INTO `user` (`username`,`userpass`,`name`,`email`,`addtime`,`state`) VALUES ('list7718','202cb962ac59075b964b07152d234b70','demo','aa@126.com',1467699092,0) [ RunTime:0.002938s ]
INFO: [ app_end ] --START--
INFO: Run Behavior\ShowPageTraceBehavior [ RunTime:0.000746s ]
INFO: [ app_end ] --END-- [ RunTime:0.000801s ]

[ 2016-07-05T14:12:05+08:00 ] 127.0.0.1 /th3-1/index.php/Home/User/fun.html
INFO: [ app_init ] --START--
INFO: Run Behavior\BuildLiteBehavior [ RunTime:0.000017s ]
INFO: [ app_init ] --END-- [ RunTime:0.000383s ]
INFO: [ app_begin ] --START--
INFO: Run Behavior\ReadHtmlCacheBehavior [ RunTime:0.000643s ]
INFO: [ app_begin ] --END-- [ RunTime:0.000699s ]
NOTIC: [2] session_start(): open(\xampp\tmp\sess_8i1eq0jc0tihfg2oip5pqd2nc1, O_RDWR) failed: No such file or directory (2) D:\pw\th3-1\ThinkPHP\Common\functions.php 第 1190 行.
SQL: SHOW COLUMNS FROM `user` [ RunTime:0.002887s ]
SQL: INSERT INTO `user` (`username`,`userpass`,`name`,`email`,`addtime`,`state`) VALUES ('list6994','202cb962ac59075b964b07152d234b70','demo','aa@126.com',1467699125,0) [ RunTime:0.002195s ]
INFO: [ app_end ] --START--
INFO: Run Behavior\ShowPageTraceBehavior [ RunTime:0.000749s ]
INFO: [ app_end ] --END-- [ RunTime:0.000804s ]

[ 2016-07-05T14:12:06+08:00 ] 127.0.0.1 /th3-1/index.php/Home/User/fun.html
INFO: [ app_init ] --START--
INFO: Run Behavior\BuildLiteBehavior [ RunTime:0.000016s ]
INFO: [ app_init ] --END-- [ RunTime:0.000361s ]
INFO: [ app_begin ] --START--
INFO: Run Behavior\ReadHtmlCacheBehavior [ RunTime:0.000702s ]
INFO: [ app_begin ] --END-- [ RunTime:0.000760s ]
NOTIC: [2] session_start(): open(\xampp\tmp\sess_8i1eq0jc0tihfg2oip5pqd2nc1, O_RDWR) failed: No such file or directory (2) D:\pw\th3-1\ThinkPHP\Common\functions.php 第 1190 行.
SQL: SHOW COLUMNS FROM `user` [ RunTime:0.001735s ]
SQL: INSERT INTO `user` (`username`,`userpass`,`name`,`email`,`addtime`,`state`) VALUES ('list2780','202cb962ac59075b964b07152d234b70','demo','aa@126.com',1467699126,0) [ RunTime:0.001800s ]
INFO: [ app_end ] --START--
INFO: Run Behavior\ShowPageTraceBehavior [ RunTime:0.000726s ]
INFO: [ app_end ] --END-- [ RunTime:0.000782s ]

[ 2016-07-05T14:12:07+08:00 ] 127.0.0.1 /th3-1/index.php/Home/User/fun.html
INFO: [ app_init ] --START--
INFO: Run Behavior\BuildLiteBehavior [ RunTime:0.000017s ]
INFO: [ app_init ] --END-- [ RunTime:0.000508s ]
INFO: [ app_begin ] --START--
INFO: Run Behavior\ReadHtmlCacheBehavior [ RunTime:0.000629s ]
INFO: [ app_begin ] --END-- [ RunTime:0.000685s ]
NOTIC: [2] session_start(): open(\xampp\tmp\sess_8i1eq0jc0tihfg2oip5pqd2nc1, O_RDWR) failed: No such file or directory (2) D:\pw\th3-1\ThinkPHP\Common\functions.php 第 1190 行.
SQL: SHOW COLUMNS FROM `user` [ RunTime:0.001762s ]
SQL: INSERT INTO `user` (`username`,`userpass`,`name`,`email`,`addtime`,`state`) VALUES ('list5680','202cb962ac59075b964b07152d234b70','demo','aa@126.com',1467699127,0) [ RunTime:0.003734s ]
INFO: [ app_end ] --START--
INFO: Run Behavior\ShowPageTraceBehavior [ RunTime:0.000736s ]
INFO: [ app_end ] --END-- [ RunTime:0.000791s ]

[ 2016-07-05T14:16:06+08:00 ] 127.0.0.1 /th3-1/index.php/Home/User/fun.html
INFO: [ app_init ] --START--
INFO: Run Behavior\BuildLiteBehavior [ RunTime:0.000017s ]
INFO: [ app_init ] --END-- [ RunTime:0.000730s ]
INFO: [ app_begin ] --START--
INFO: Run Behavior\ReadHtmlCacheBehavior [ RunTime:0.001785s ]
INFO: [ app_begin ] --END-- [ RunTime:0.001843s ]
NOTIC: [2] session_start(): open(\xampp\tmp\sess_8i1eq0jc0tihfg2oip5pqd2nc1, O_RDWR) failed: No such file or directory (2) D:\pw\th3-1\ThinkPHP\Common\functions.php 第 1190 行.
SQL: SHOW COLUMNS FROM `user` [ RunTime:0.001765s ]
SQL: SELECT * FROM `user` WHERE `id` = 4 LIMIT 1   [ RunTime:0.000272s ]
SQL: UPDATE `user` SET `username`='list7718',`userpass`='202cb962ac59075b964b07152d234b70',`name`='admin',`email`='admin@qq.com',`addtime`='0000-00-00 00:00:00',`state`=0 WHERE `id` = 4 [ RunTime:0.002429s ]
INFO: [ app_end ] --START--
INFO: Run Behavior\ShowPageTraceBehavior [ RunTime:0.001585s ]
INFO: [ app_end ] --END-- [ RunTime:0.001638s ]

[ 2016-07-05T14:16:08+08:00 ] 127.0.0.1 /th3-1/index.php/Home/User/fun.html
INFO: [ app_init ] --START--
INFO: Run Behavior\BuildLiteBehavior [ RunTime:0.000018s ]
INFO: [ app_init ] --END-- [ RunTime:0.000396s ]
INFO: [ app_begin ] --START--
INFO: Run Behavior\ReadHtmlCacheBehavior [ RunTime:0.000804s ]
INFO: [ app_begin ] --END-- [ RunTime:0.000873s ]
NOTIC: [2] session_start(): open(\xampp\tmp\sess_8i1eq0jc0tihfg2oip5pqd2nc1, O_RDWR) failed: No such file or directory (2) D:\pw\th3-1\ThinkPHP\Common\functions.php 第 1190 行.
SQL: SHOW COLUMNS FROM `user` [ RunTime:0.001902s ]
SQL: SELECT * FROM `user` WHERE `id` = 4 LIMIT 1   [ RunTime:0.000273s ]
SQL: UPDATE `user` SET `username`='list7718',`userpass`='202cb962ac59075b964b07152d234b70',`name`='admin',`email`='admin@qq.com',`addtime`='0000-00-00 00:00:00',`state`=0 WHERE `id` = 4 [ RunTime:0.002185s ]
INFO: [ app_end ] --START--
INFO: Run Behavior\ShowPageTraceBehavior [ RunTime:0.000740s ]
INFO: [ app_end ] --END-- [ RunTime:0.000793s ]

[ 2016-07-05T14:16:09+08:00 ] 127.0.0.1 /th3-1/index.php/Home/User/fun.html
INFO: [ app_init ] --START--
INFO: Run Behavior\BuildLiteBehavior [ RunTime:0.000019s ]
INFO: [ app_init ] --END-- [ RunTime:0.000461s ]
INFO: [ app_begin ] --START--
INFO: Run Behavior\ReadHtmlCacheBehavior [ RunTime:0.000668s ]
INFO: [ app_begin ] --END-- [ RunTime:0.000728s ]
NOTIC: [2] session_start(): open(\xampp\tmp\sess_8i1eq0jc0tihfg2oip5pqd2nc1, O_RDWR) failed: No such file or directory (2) D:\pw\th3-1\ThinkPHP\Common\functions.php 第 1190 行.
SQL: SHOW COLUMNS FROM `user` [ RunTime:0.003308s ]
SQL: SELECT * FROM `user` WHERE `id` = 4 LIMIT 1   [ RunTime:0.000533s ]
SQL: UPDATE `user` SET `username`='list7718',`userpass`='202cb962ac59075b964b07152d234b70',`name`='admin',`email`='admin@qq.com',`addtime`='0000-00-00 00:00:00',`state`=0 WHERE `id` = 4 [ RunTime:0.002616s ]
INFO: [ app_end ] --START--
INFO: Run Behavior\ShowPageTraceBehavior [ RunTime:0.000792s ]
INFO: [ app_end ] --END-- [ RunTime:0.000846s ]

[ 2016-07-05T14:22:09+08:00 ] 127.0.0.1 /th3-1/index.php/Home/User/fun.html
INFO: [ app_init ] --START--
INFO: Run Behavior\BuildLiteBehavior [ RunTime:0.000018s ]
INFO: [ app_init ] --END-- [ RunTime:0.000741s ]
INFO: [ app_begin ] --START--
INFO: Run Behavior\ReadHtmlCacheBehavior [ RunTime:0.001701s ]
INFO: [ app_begin ] --END-- [ RunTime:0.001760s ]
NOTIC: [2] session_start(): open(\xampp\tmp\sess_8i1eq0jc0tihfg2oip5pqd2nc1, O_RDWR) failed: No such file or directory (2) D:\pw\th3-1\ThinkPHP\Common\functions.php 第 1190 行.
SQL: SHOW COLUMNS FROM `user` [ RunTime:0.003081s ]
SQL: DELETE FROM `user` WHERE ( id in(5,6) ) [ RunTime:0.039651s ]
INFO: [ app_end ] --START--
INFO: Run Behavior\ShowPageTraceBehavior [ RunTime:0.001793s ]
INFO: [ app_end ] --END-- [ RunTime:0.001854s ]

